Arguments: 
  C:\Program Files\nodejs\node.exe C:\Users\elvin\AppData\Roaming\npm\node_modules\yarn\bin\yarn.js add react-native-webview

PATH: 
  C:\Program Files (x86)\Common Files\Intel\Shared Libraries\redist\intel64\compiler;C:\Program Files (x86)\Common Files\Oracle\Java\javapath;C:\Windows\system32;C:\Windows;C:\Windows\System32\Wbem;C:\Windows\System32\WindowsPowerShell\v1.0\;C:\Windows\System32\OpenSSH\;C:\Program Files (x86)\NVIDIA Corporation\PhysX\Common;C:\WINDOWS\system32;C:\WINDOWS;C:\WINDOWS\System32\Wbem;C:\WINDOWS\System32\WindowsPowerShell\v1.0\;C:\WINDOWS\System32\OpenSSH\;C:\Program Files\NVIDIA Corporation\NVIDIA NvDLISR;C:\Program Files\Git\cmd;C:\wamp64\bin\php\php8.0.1;C:\ProgramData\ComposerSetup\bin;C:\Program Files\Cloudflare\Cloudflare WARP;C:\Program Files\dotnet\;C:\Program Files\nodejs\;C:\Users\elvin\scoop\shims;C:\Users\elvin\AppData\Local\Microsoft\WindowsApps;C:\Users\elvin\AppData\Local\Programs\Microsoft VS Code\bin;C:\Users\elvin\AppData\Roaming\Composer\vendor\bin;C:\Users\elvin\AppData\Local\GitHubDesktop\bin;C:\wamp\bin\php\php8.1.12;C:\Users\elvin\AppData\Local\JetBrains\Toolbox\scripts;C:\Users\elvin\AppData\Roaming\npm

Yarn version: 
  1.22.19

Node version: 
  18.12.1

Platform: 
  win32 x64

Trace: 
  Error: connect ECONNABORTED 104.16.23.35:443
      at TCPConnectWrap.afterConnect [as oncomplete] (node:net:1300:16)

npm manifest: 
  {
    "name": "gam-otech",
    "version": "1.0.0",
    "main": "node_modules/expo/AppEntry.js",
    "scripts": {
      "start": "expo start",
      "android": "expo start --android",
      "ios": "expo start --ios",
      "web": "expo start --web"
    },
    "dependencies": {
      "@react-navigation/bottom-tabs": "^6.4.0",
      "@react-navigation/native": "^6.0.13",
      "@react-navigation/native-stack": "^6.9.1",
      "expo": "~47.0.3",
      "expo-image-picker": "~14.0.1",
      "expo-status-bar": "~1.4.2",
      "react": "18.1.0",
      "react-native": "0.70.5",
      "react-native-safe-area-context": "4.4.1",
      "react-native-screens": "~3.18.0",
      "@react-native-async-storage/async-storage": "~1.17.3"
    },
    "devDependencies": {
      "@babel/core": "^7.12.9"
    },
    "private": true
  }

yarn manifest: 
  No manifest

Lockfile: 
  No lockfile
